  [1m[35m (0.1ms)[0m  [1m[34mSELECT sqlite_version(*)[0m
  ↳ bin/rails:9
  [1m[35m (8.1ms)[0m  [1m[35mCREATE TABLE "schema_migrations" ("version" varchar NOT NULL PRIMARY KEY)[0m
  ↳ bin/rails:9
  [1m[35m (6.3ms)[0m  [1m[35mCREATE TABLE "ar_internal_metadata" ("key" varchar NOT NULL PRIMARY KEY, "value" varchar, "created_at" datetime NOT NULL, "updated_at" datetime NOT NULL)[0m
  ↳ bin/rails:9
  [1m[35m (0.2ms)[0m  [1m[34mSELECT "schema_migrations"."version" FROM "schema_migrations" ORDER BY "schema_migrations"."version" ASC[0m
  ↳ bin/rails:9
Migrating to CreateBooks (20200127193403)
  [1m[35m (0.1ms)[0m  [1m[36mbegin transaction[0m
  ↳ bin/rails:9
  [1m[35m (0.4ms)[0m  [1m[35mCREATE TABLE "books" ("id" integer PRIMARY KEY AUTOINCREMENT NOT NULL, "title" varchar, "author" varchar, "created_at" datetime NOT NULL, "updated_at" datetime NOT NULL)[0m
  ↳ db/migrate/20200127193403_create_books.rb:3
  [1m[36mActiveRecord::SchemaMigration Create (0.2ms)[0m  [1m[32mINSERT INTO "schema_migrations" ("version") VALUES (?)[0m  [["version", "20200127193403"]]
  ↳ bin/rails:9
  [1m[35m (4.1ms)[0m  [1m[36mcommit transaction[0m
  ↳ bin/rails:9
Migrating to CreateMovies (20200127193545)
  [1m[35m (0.1ms)[0m  [1m[36mbegin transaction[0m
  ↳ bin/rails:9
  [1m[35m (0.4ms)[0m  [1m[35mCREATE TABLE "movies" ("id" integer PRIMARY KEY AUTOINCREMENT NOT NULL, "name" varchar, "director" varchar, "year_released" integer, "created_at" datetime NOT NULL, "updated_at" datetime NOT NULL)[0m
  ↳ db/migrate/20200127193545_create_movies.rb:3
  [1m[36mActiveRecord::SchemaMigration Create (0.2ms)[0m  [1m[32mINSERT INTO "schema_migrations" ("version") VALUES (?)[0m  [["version", "20200127193545"]]
  ↳ bin/rails:9
  [1m[35m (4.0ms)[0m  [1m[36mcommit transaction[0m
  ↳ bin/rails:9
  [1m[36mActiveRecord::InternalMetadata Load (0.2ms)[0m  [1m[34mSELECT  "ar_internal_metadata".* FROM "ar_internal_metadata" WHERE "ar_internal_metadata"."key" = ? LIMIT ?[0m  [["key", "environment"], ["LIMIT", 1]]
  ↳ bin/rails:9
  [1m[35m (0.1ms)[0m  [1m[36mbegin transaction[0m
  ↳ bin/rails:9
  [1m[36mActiveRecord::InternalMetadata Create (0.3ms)[0m  [1m[32mINSERT INTO "ar_internal_metadata" ("key", "value", "created_at", "updated_at") VALUES (?, ?, ?, ?)[0m  [["key", "environment"], ["value", "development"], ["created_at", "2020-01-27 19:36:02.561597"], ["updated_at", "2020-01-27 19:36:02.561597"]]
  ↳ bin/rails:9
  [1m[35m (3.3ms)[0m  [1m[36mcommit transaction[0m
  ↳ bin/rails:9
  [1m[35m (0.1ms)[0m  [1m[34mSELECT "schema_migrations"."version" FROM "schema_migrations" ORDER BY "schema_migrations"."version" ASC[0m
  ↳ bin/rails:9
Started GET "/" for 127.0.0.1 at 2020-01-27 14:37:20 -0500
  [1m[35m (0.2ms)[0m  [1m[34mSELECT "schema_migrations"."version" FROM "schema_migrations" ORDER BY "schema_migrations"."version" ASC[0m
  ↳ /home/student/.rvm/gems/ruby-2.6.3/gems/activerecord-5.2.4.1/lib/active_record/log_subscriber.rb:98
Processing by Rails::WelcomeController#index as HTML
  Rendering /home/student/.rvm/gems/ruby-2.6.3/gems/railties-5.2.4.1/lib/rails/templates/rails/welcome/index.html.erb
  Rendered /home/student/.rvm/gems/ruby-2.6.3/gems/railties-5.2.4.1/lib/rails/templates/rails/welcome/index.html.erb (5.2ms)
Completed 200 OK in 24ms (Views: 14.4ms | ActiveRecord: 0.0ms)


Started GET "/books" for 127.0.0.1 at 2020-01-27 14:37:28 -0500
Processing by BooksController#index as HTML
  Rendering books/index.html.erb within layouts/application
  [1m[36mBook Load (0.2ms)[0m  [1m[34mSELECT "books".* FROM "books"[0m
  ↳ app/views/books/index.html.erb:15
  Rendered books/index.html.erb within layouts/application (3.0ms)
Completed 200 OK in 2334ms (Views: 2328.4ms | ActiveRecord: 0.5ms)


Started GET "/books/new" for 127.0.0.1 at 2020-01-27 14:37:33 -0500
Processing by BooksController#new as HTML
  Rendering books/new.html.erb within layouts/application
  Rendered books/_form.html.erb (35.0ms)
  Rendered books/new.html.erb within layouts/application (36.5ms)
Completed 200 OK in 73ms (Views: 63.1ms | ActiveRecord: 0.5ms)


Started POST "/books" for 127.0.0.1 at 2020-01-27 14:38:23 -0500
Processing by BooksController#create as HTML
  Parameters: {"utf8"=>"✓", "authenticity_token"=>"wZaCsZvOZ6j+raK1ljL08Chfoe2pBMPccuMh11+XMtMcSnpqgWjblZst+Ok3eg3fugTqkD+hoc75CZEeKZH3XQ==", "book"=>{"title"=>"Harry Potter and The Sorceror's Stone", "author"=>"J.K. Rowling"}, "commit"=>"Create Book"}
  [1m[35m (0.1ms)[0m  [1m[36mbegin transaction[0m
  ↳ app/controllers/books_controller.rb:30
  [1m[36mBook Create (3.8ms)[0m  [1m[32mINSERT INTO "books" ("title", "author", "created_at", "updated_at") VALUES (?, ?, ?, ?)[0m  [["title", "Harry Potter and The Sorceror's Stone"], ["author", "J.K. Rowling"], ["created_at", "2020-01-27 19:38:23.107781"], ["updated_at", "2020-01-27 19:38:23.107781"]]
  ↳ app/controllers/books_controller.rb:30
  [1m[35m (4.4ms)[0m  [1m[36mcommit transaction[0m
  ↳ app/controllers/books_controller.rb:30
Redirected to http://localhost:3000/books/1
Completed 302 Found in 15ms (ActiveRecord: 8.3ms)


Started GET "/books/1" for 127.0.0.1 at 2020-01-27 14:38:23 -0500
Processing by BooksController#show as HTML
  Parameters: {"id"=>"1"}
  [1m[36mBook Load (0.2ms)[0m  [1m[34mSELECT  "books".* FROM "books" WHERE "books"."id" = ? LIMIT ?[0m  [["id", 1], ["LIMIT", 1]]
  ↳ app/controllers/books_controller.rb:67
  Rendering books/show.html.erb within layouts/application
  Rendered books/show.html.erb within layouts/application (4.4ms)
Completed 200 OK in 33ms (Views: 28.0ms | ActiveRecord: 0.2ms)


Started GET "/books" for 127.0.0.1 at 2020-01-27 14:38:25 -0500
Processing by BooksController#index as HTML
  Rendering books/index.html.erb within layouts/application
  [1m[36mBook Load (0.1ms)[0m  [1m[34mSELECT "books".* FROM "books"[0m
  ↳ app/views/books/index.html.erb:15
  Rendered books/index.html.erb within layouts/application (2.3ms)
Completed 200 OK in 49ms (Views: 47.5ms | ActiveRecord: 0.1ms)


Started GET "/books/new" for 127.0.0.1 at 2020-01-27 14:38:30 -0500
Processing by BooksController#new as HTML
  Rendering books/new.html.erb within layouts/application
  Rendered books/_form.html.erb (4.0ms)
  Rendered books/new.html.erb within layouts/application (5.5ms)
Completed 200 OK in 40ms (Views: 39.0ms | ActiveRecord: 0.0ms)


Started POST "/books" for 127.0.0.1 at 2020-01-27 14:39:00 -0500
Processing by BooksController#create as HTML
  Parameters: {"utf8"=>"✓", "authenticity_token"=>"c/60z+yz/HMQTjMywWaUUaI7XU1N63WcYrmbHtbgvjOuIkwU9hVATnXOaW5gLm1+MGAWMNtOF47pUyvXoOZ7vQ==", "book"=>{"title"=>"Harry Potter and The Chamber of Secrets", "author"=>"J.K. Rowling"}, "commit"=>"Create Book"}
  [1m[35m (0.1ms)[0m  [1m[36mbegin transaction[0m
  ↳ app/controllers/books_controller.rb:30
  [1m[36mBook Create (0.8ms)[0m  [1m[32mINSERT INTO "books" ("title", "author", "created_at", "updated_at") VALUES (?, ?, ?, ?)[0m  [["title", "Harry Potter and The Chamber of Secrets"], ["author", "J.K. Rowling"], ["created_at", "2020-01-27 19:39:00.596329"], ["updated_at", "2020-01-27 19:39:00.596329"]]
  ↳ app/controllers/books_controller.rb:30
  [1m[35m (4.0ms)[0m  [1m[36mcommit transaction[0m
  ↳ app/controllers/books_controller.rb:30
Redirected to http://localhost:3000/books/2
Completed 302 Found in 18ms (ActiveRecord: 4.9ms)


Started GET "/books/2" for 127.0.0.1 at 2020-01-27 14:39:00 -0500
Processing by BooksController#show as HTML
  Parameters: {"id"=>"2"}
  [1m[36mBook Load (0.2ms)[0m  [1m[34mSELECT  "books".* FROM "books" WHERE "books"."id" = ? LIMIT ?[0m  [["id", 2], ["LIMIT", 1]]
  ↳ app/controllers/books_controller.rb:67
  Rendering books/show.html.erb within layouts/application
  Rendered books/show.html.erb within layouts/application (0.8ms)
Completed 200 OK in 38ms (Views: 32.5ms | ActiveRecord: 0.2ms)


Started GET "/books" for 127.0.0.1 at 2020-01-27 14:39:02 -0500
Processing by BooksController#index as HTML
  Rendering books/index.html.erb within layouts/application
  [1m[36mBook Load (0.1ms)[0m  [1m[34mSELECT "books".* FROM "books"[0m
  ↳ app/views/books/index.html.erb:15
  Rendered books/index.html.erb within layouts/application (4.1ms)
Completed 200 OK in 36ms (Views: 35.1ms | ActiveRecord: 0.1ms)


Started GET "/books/new" for 127.0.0.1 at 2020-01-27 14:39:04 -0500
Processing by BooksController#new as HTML
  Rendering books/new.html.erb within layouts/application
  Rendered books/_form.html.erb (4.1ms)
  Rendered books/new.html.erb within layouts/application (6.1ms)
Completed 200 OK in 43ms (Views: 41.6ms | ActiveRecord: 0.0ms)


Started POST "/books" for 127.0.0.1 at 2020-01-27 14:39:27 -0500
Processing by BooksController#create as HTML
  Parameters: {"utf8"=>"✓", "authenticity_token"=>"ziEEBMQiFpbYSmzFsfKwsyevLHs2ND0plm3keKpi1roT/fzf3oSqq73KNpkQukmctfRnBqCRXzsdh1Sx3GQTNA==", "book"=>{"title"=>"Harry Potter and The Prisoner of Azkaban", "author"=>"J.K. Rowling"}, "commit"=>"Create Book"}
  [1m[35m (0.1ms)[0m  [1m[36mbegin transaction[0m
  ↳ app/controllers/books_controller.rb:30
  [1m[36mBook Create (0.3ms)[0m  [1m[32mINSERT INTO "books" ("title", "author", "created_at", "updated_at") VALUES (?, ?, ?, ?)[0m  [["title", "Harry Potter and The Prisoner of Azkaban"], ["author", "J.K. Rowling"], ["created_at", "2020-01-27 19:39:27.696775"], ["updated_at", "2020-01-27 19:39:27.696775"]]
  ↳ app/controllers/books_controller.rb:30
  [1m[35m (5.7ms)[0m  [1m[36mcommit transaction[0m
  ↳ app/controllers/books_controller.rb:30
Redirected to http://localhost:3000/books/3
Completed 302 Found in 9ms (ActiveRecord: 6.1ms)


Started GET "/books/3" for 127.0.0.1 at 2020-01-27 14:39:27 -0500
Processing by BooksController#show as HTML
  Parameters: {"id"=>"3"}
  [1m[36mBook Load (0.1ms)[0m  [1m[34mSELECT  "books".* FROM "books" WHERE "books"."id" = ? LIMIT ?[0m  [["id", 3], ["LIMIT", 1]]
  ↳ app/controllers/books_controller.rb:67
  Rendering books/show.html.erb within layouts/application
  Rendered books/show.html.erb within layouts/application (0.9ms)
Completed 200 OK in 55ms (Views: 52.5ms | ActiveRecord: 0.1ms)


Started GET "/books" for 127.0.0.1 at 2020-01-27 14:39:43 -0500
Processing by BooksController#index as HTML
  Rendering books/index.html.erb within layouts/application
  [1m[36mBook Load (0.2ms)[0m  [1m[34mSELECT "books".* FROM "books"[0m
  ↳ app/views/books/index.html.erb:15
  Rendered books/index.html.erb within layouts/application (2.9ms)
Completed 200 OK in 31ms (Views: 29.2ms | ActiveRecord: 0.2ms)


Started GET "/movies" for 127.0.0.1 at 2020-01-27 14:39:56 -0500
Processing by MoviesController#index as HTML
  Rendering movies/index.html.erb within layouts/application
  [1m[36mMovie Load (0.2ms)[0m  [1m[34mSELECT "movies".* FROM "movies"[0m
  ↳ app/views/movies/index.html.erb:16
  Rendered movies/index.html.erb within layouts/application (3.4ms)
Completed 200 OK in 43ms (Views: 37.5ms | ActiveRecord: 1.1ms)


Started GET "/movies/new" for 127.0.0.1 at 2020-01-27 14:39:58 -0500
Processing by MoviesController#new as HTML
  Rendering movies/new.html.erb within layouts/application
  Rendered movies/_form.html.erb (12.7ms)
  Rendered movies/new.html.erb within layouts/application (14.1ms)
Completed 200 OK in 52ms (Views: 41.0ms | ActiveRecord: 0.4ms)


Started POST "/movies" for 127.0.0.1 at 2020-01-27 14:41:39 -0500
Processing by MoviesController#create as HTML
  Parameters: {"utf8"=>"✓", "authenticity_token"=>"Bw/djZkOZoRExS/XdRgjbVNguJFzM7/VPrVcrW0jgKQwYNy0MH7Srt7B4y7KDdJx4T1SCJLEylbd+PC3I/tv9A==", "movie"=>{"name"=>"Swiss Army Man", "director"=>"Daniel Kwan, Daniel Scheinert", "year_released"=>"2016"}, "commit"=>"Create Movie"}
  [1m[35m (0.1ms)[0m  [1m[36mbegin transaction[0m
  ↳ app/controllers/movies_controller.rb:30
  [1m[36mMovie Create (1.2ms)[0m  [1m[32mINSERT INTO "movies" ("name", "director", "year_released", "created_at", "updated_at") VALUES (?, ?, ?, ?, ?)[0m  [["name", "Swiss Army Man"], ["director", "Daniel Kwan, Daniel Scheinert"], ["year_released", 2016], ["created_at", "2020-01-27 19:41:39.070317"], ["updated_at", "2020-01-27 19:41:39.070317"]]
  ↳ app/controllers/movies_controller.rb:30
  [1m[35m (5.1ms)[0m  [1m[36mcommit transaction[0m
  ↳ app/controllers/movies_controller.rb:30
Redirected to http://localhost:3000/movies/1
Completed 302 Found in 14ms (ActiveRecord: 6.3ms)


Started GET "/movies/1" for 127.0.0.1 at 2020-01-27 14:41:39 -0500
Processing by MoviesController#show as HTML
  Parameters: {"id"=>"1"}
  [1m[36mMovie Load (0.2ms)[0m  [1m[34mSELECT  "movies".* FROM "movies" WHERE "movies"."id" = ? LIMIT ?[0m  [["id", 1], ["LIMIT", 1]]
  ↳ app/controllers/movies_controller.rb:67
  Rendering movies/show.html.erb within layouts/application
  Rendered movies/show.html.erb within layouts/application (0.9ms)
Completed 200 OK in 36ms (Views: 32.7ms | ActiveRecord: 0.2ms)


Started GET "/movies" for 127.0.0.1 at 2020-01-27 14:41:43 -0500
Processing by MoviesController#index as HTML
  Rendering movies/index.html.erb within layouts/application
  [1m[36mMovie Load (0.1ms)[0m  [1m[34mSELECT "movies".* FROM "movies"[0m
  ↳ app/views/movies/index.html.erb:16
  Rendered movies/index.html.erb within layouts/application (2.8ms)
Completed 200 OK in 56ms (Views: 54.6ms | ActiveRecord: 0.1ms)


Started GET "/movies/new" for 127.0.0.1 at 2020-01-27 14:41:46 -0500
Processing by MoviesController#new as HTML
  Rendering movies/new.html.erb within layouts/application
  Rendered movies/_form.html.erb (6.6ms)
  Rendered movies/new.html.erb within layouts/application (8.4ms)
Completed 200 OK in 39ms (Views: 37.5ms | ActiveRecord: 0.0ms)


Started GET "/books" for 127.0.0.1 at 2020-01-27 14:42:12 -0500
Processing by BooksController#index as HTML
  Rendering books/index.html.erb within layouts/application
  [1m[36mBook Load (0.1ms)[0m  [1m[34mSELECT "books".* FROM "books"[0m
  ↳ app/views/books/index.html.erb:15
  Rendered books/index.html.erb within layouts/application (2.6ms)
Completed 200 OK in 43ms (Views: 42.1ms | ActiveRecord: 0.1ms)


Started POST "/movies" for 127.0.0.1 at 2020-01-27 14:42:24 -0500
Processing by MoviesController#create as HTML
  Parameters: {"utf8"=>"✓", "authenticity_token"=>"QLHSfUHk5AxNXGtbEbRt6fMxfWq/6sxtFIJMCeNXQnh33tNE6JRQJtdYp6KuoZz1QWyX814due73z+ATrY+tKA==", "movie"=>{"name"=>"Lone Survivor", "director"=>"Peter Berg", "year_released"=>"2013"}, "commit"=>"Create Movie"}
  [1m[35m (0.1ms)[0m  [1m[36mbegin transaction[0m
  ↳ app/controllers/movies_controller.rb:30
  [1m[36mMovie Create (0.3ms)[0m  [1m[32mINSERT INTO "movies" ("name", "director", "year_released", "created_at", "updated_at") VALUES (?, ?, ?, ?, ?)[0m  [["name", "Lone Survivor"], ["director", "Peter Berg"], ["year_released", 2013], ["created_at", "2020-01-27 19:42:24.760454"], ["updated_at", "2020-01-27 19:42:24.760454"]]
  ↳ app/controllers/movies_controller.rb:30
  [1m[35m (5.2ms)[0m  [1m[36mcommit transaction[0m
  ↳ app/controllers/movies_controller.rb:30
Redirected to http://localhost:3000/movies/2
Completed 302 Found in 10ms (ActiveRecord: 5.6ms)


Started GET "/movies/2" for 127.0.0.1 at 2020-01-27 14:42:24 -0500
Processing by MoviesController#show as HTML
  Parameters: {"id"=>"2"}
  [1m[36mMovie Load (0.2ms)[0m  [1m[34mSELECT  "movies".* FROM "movies" WHERE "movies"."id" = ? LIMIT ?[0m  [["id", 2], ["LIMIT", 1]]
  ↳ app/controllers/movies_controller.rb:67
  Rendering movies/show.html.erb within layouts/application
  Rendered movies/show.html.erb within layouts/application (1.0ms)
Completed 200 OK in 38ms (Views: 36.3ms | ActiveRecord: 0.2ms)


Started GET "/movies" for 127.0.0.1 at 2020-01-27 14:42:26 -0500
Processing by MoviesController#index as HTML
  Rendering movies/index.html.erb within layouts/application
  [1m[36mMovie Load (0.4ms)[0m  [1m[34mSELECT "movies".* FROM "movies"[0m
  ↳ app/views/movies/index.html.erb:16
  Rendered movies/index.html.erb within layouts/application (3.7ms)
Completed 200 OK in 36ms (Views: 34.6ms | ActiveRecord: 0.4ms)


Started GET "/movies/new" for 127.0.0.1 at 2020-01-27 14:42:32 -0500
Processing by MoviesController#new as HTML
  Rendering movies/new.html.erb within layouts/application
  Rendered movies/_form.html.erb (4.0ms)
  Rendered movies/new.html.erb within layouts/application (6.1ms)
Completed 200 OK in 39ms (Views: 37.0ms | ActiveRecord: 0.0ms)


Started POST "/movies" for 127.0.0.1 at 2020-01-27 14:43:36 -0500
Processing by MoviesController#create as HTML
  Parameters: {"utf8"=>"✓", "authenticity_token"=>"dyRJlwwT9ybbAqKUPWqP+j+c0DkdO4h1NE/FY7pQUOJAS0iupWNDDEEGbm2Cf37mjcE6oPzM/fbXAml59Ii/sg==", "movie"=>{"name"=>"Spiderman: Enter The Spider-Verse", "director"=>"Peter Ramsey, Bob Persichetti, Rodney Rothman", "year_released"=>"2018"}, "commit"=>"Create Movie"}
  [1m[35m (0.1ms)[0m  [1m[36mbegin transaction[0m
  ↳ app/controllers/movies_controller.rb:30
  [1m[36mMovie Create (1.4ms)[0m  [1m[32mINSERT INTO "movies" ("name", "director", "year_released", "created_at", "updated_at") VALUES (?, ?, ?, ?, ?)[0m  [["name", "Spiderman: Enter The Spider-Verse"], ["director", "Peter Ramsey, Bob Persichetti, Rodney Rothman"], ["year_released", 2018], ["created_at", "2020-01-27 19:43:36.190401"], ["updated_at", "2020-01-27 19:43:36.190401"]]
  ↳ app/controllers/movies_controller.rb:30
  [1m[35m (4.4ms)[0m  [1m[36mcommit transaction[0m
  ↳ app/controllers/movies_controller.rb:30
Redirected to http://localhost:3000/movies/3
Completed 302 Found in 12ms (ActiveRecord: 5.8ms)


Started GET "/movies/3" for 127.0.0.1 at 2020-01-27 14:43:36 -0500
Processing by MoviesController#show as HTML
  Parameters: {"id"=>"3"}
  [1m[36mMovie Load (0.1ms)[0m  [1m[34mSELECT  "movies".* FROM "movies" WHERE "movies"."id" = ? LIMIT ?[0m  [["id", 3], ["LIMIT", 1]]
  ↳ app/controllers/movies_controller.rb:67
  Rendering movies/show.html.erb within layouts/application
  Rendered movies/show.html.erb within layouts/application (1.0ms)
Completed 200 OK in 42ms (Views: 40.0ms | ActiveRecord: 0.1ms)


Started GET "/movies" for 127.0.0.1 at 2020-01-27 14:43:40 -0500
Processing by MoviesController#index as HTML
  Rendering movies/index.html.erb within layouts/application
  [1m[36mMovie Load (0.2ms)[0m  [1m[34mSELECT "movies".* FROM "movies"[0m
  ↳ app/views/movies/index.html.erb:16
  Rendered movies/index.html.erb within layouts/application (4.9ms)
Completed 200 OK in 47ms (Views: 46.1ms | ActiveRecord: 0.2ms)


Started GET "/movies/3/edit" for 127.0.0.1 at 2020-01-27 14:43:51 -0500
Processing by MoviesController#edit as HTML
  Parameters: {"id"=>"3"}
  [1m[36mMovie Load (0.1ms)[0m  [1m[34mSELECT  "movies".* FROM "movies" WHERE "movies"."id" = ? LIMIT ?[0m  [["id", 3], ["LIMIT", 1]]
  ↳ app/controllers/movies_controller.rb:67
  Rendering movies/edit.html.erb within layouts/application
  Rendered movies/_form.html.erb (3.8ms)
  Rendered movies/edit.html.erb within layouts/application (5.5ms)
Completed 200 OK in 48ms (Views: 45.8ms | ActiveRecord: 0.1ms)


Started PATCH "/movies/3" for 127.0.0.1 at 2020-01-27 14:44:07 -0500
Processing by MoviesController#update as HTML
  Parameters: {"utf8"=>"✓", "authenticity_token"=>"NwgthonTeV3KxRdPkE+1F6Zv4mwYNGYwhcfpbm9cqqN37QO0ULUOU8WOz6NaOOXjJjb73lRUpzV7l00Kns1XOQ==", "movie"=>{"name"=>"Spider-Man: Into The Spider-Verse", "director"=>"Peter Ramsey, Bob Persichetti, Rodney Rothman", "year_released"=>"2018"}, "commit"=>"Update Movie", "id"=>"3"}
  [1m[36mMovie Load (0.2ms)[0m  [1m[34mSELECT  "movies".* FROM "movies" WHERE "movies"."id" = ? LIMIT ?[0m  [["id", 3], ["LIMIT", 1]]
  ↳ app/controllers/movies_controller.rb:67
  [1m[35m (0.1ms)[0m  [1m[36mbegin transaction[0m
  ↳ app/controllers/movies_controller.rb:44
  [1m[36mMovie Update (1.3ms)[0m  [1m[33mUPDATE "movies" SET "name" = ?, "updated_at" = ? WHERE "movies"."id" = ?[0m  [["name", "Spider-Man: Into The Spider-Verse"], ["updated_at", "2020-01-27 19:44:07.547377"], ["id", 3]]
  ↳ app/controllers/movies_controller.rb:44
  [1m[35m (6.4ms)[0m  [1m[36mcommit transaction[0m
  ↳ app/controllers/movies_controller.rb:44
Redirected to http://localhost:3000/movies/3
Completed 302 Found in 15ms (ActiveRecord: 7.9ms)


Started GET "/movies/3" for 127.0.0.1 at 2020-01-27 14:44:07 -0500
Processing by MoviesController#show as HTML
  Parameters: {"id"=>"3"}
  [1m[36mMovie Load (0.1ms)[0m  [1m[34mSELECT  "movies".* FROM "movies" WHERE "movies"."id" = ? LIMIT ?[0m  [["id", 3], ["LIMIT", 1]]
  ↳ app/controllers/movies_controller.rb:67
  Rendering movies/show.html.erb within layouts/application
  Rendered movies/show.html.erb within layouts/application (1.0ms)
Completed 200 OK in 28ms (Views: 26.0ms | ActiveRecord: 0.1ms)


Started GET "/movies" for 127.0.0.1 at 2020-01-27 14:44:09 -0500
Processing by MoviesController#index as HTML
  Rendering movies/index.html.erb within layouts/application
  [1m[36mMovie Load (0.2ms)[0m  [1m[34mSELECT "movies".* FROM "movies"[0m
  ↳ app/views/movies/index.html.erb:16
  Rendered movies/index.html.erb within layouts/application (2.9ms)
Completed 200 OK in 62ms (Views: 60.3ms | ActiveRecord: 0.2ms)


Started GET "/movies" for 127.0.0.1 at 2020-01-27 14:47:12 -0500
Processing by MoviesController#index as HTML
  Rendering movies/index.html.erb within layouts/application
  [1m[36mMovie Load (4.5ms)[0m  [1m[34mSELECT "movies".* FROM "movies"[0m
  ↳ app/views/movies/index.html.erb:16
  Rendered movies/index.html.erb within layouts/application (8.0ms)
Completed 200 OK in 72ms (Views: 65.2ms | ActiveRecord: 4.5ms)


